<?xml version="1.0" encoding="UTF-8"?>
<testsuite xmlns:xsi="http://www.w3.org/2001/XMLSchema-instance" xsi:noNamespaceSchemaLocation="https://maven.apache.org/surefire/maven-surefire-plugin/xsd/surefire-test-report.xsd" name="com.scglab.connect.ConnectApplicationTests" time="4.862" tests="1" errors="0" skipped="0" failures="0">
  <properties>
    <property name="awt.toolkit" value="sun.lwawt.macosx.LWCToolkit"/>
    <property name="java.specification.version" value="12"/>
    <property name="sun.jnu.encoding" value="UTF-8"/>
    <property name="java.class.path" value="/Volumes/Data/_git/connect/target/test-classes:/Volumes/Data/_git/connect/target/classes:/Users/anchiseong/.m2/repository/org/springframework/boot/spring-boot-starter-actuator/2.3.4.RELEASE/spring-boot-starter-actuator-2.3.4.RELEASE.jar:/Users/anchiseong/.m2/repository/org/springframework/boot/spring-boot-starter/2.3.4.RELEASE/spring-boot-starter-2.3.4.RELEASE.jar:/Users/anchiseong/.m2/repository/org/springframework/boot/spring-boot-starter-logging/2.3.4.RELEASE/spring-boot-starter-logging-2.3.4.RELEASE.jar:/Users/anchiseong/.m2/repository/ch/qos/logback/logback-classic/1.2.3/logback-classic-1.2.3.jar:/Users/anchiseong/.m2/repository/ch/qos/logback/logback-core/1.2.3/logback-core-1.2.3.jar:/Users/anchiseong/.m2/repository/org/apache/logging/log4j/log4j-to-slf4j/2.13.3/log4j-to-slf4j-2.13.3.jar:/Users/anchiseong/.m2/repository/org/apache/logging/log4j/log4j-api/2.13.3/log4j-api-2.13.3.jar:/Users/anchiseong/.m2/repository/org/slf4j/jul-to-slf4j/1.7.30/jul-to-slf4j-1.7.30.jar:/Users/anchiseong/.m2/repository/jakarta/annotation/jakarta.annotation-api/1.3.5/jakarta.annotation-api-1.3.5.jar:/Users/anchiseong/.m2/repository/org/yaml/snakeyaml/1.26/snakeyaml-1.26.jar:/Users/anchiseong/.m2/repository/org/springframework/boot/spring-boot-actuator-autoconfigure/2.3.4.RELEASE/spring-boot-actuator-autoconfigure-2.3.4.RELEASE.jar:/Users/anchiseong/.m2/repository/org/springframework/boot/spring-boot-actuator/2.3.4.RELEASE/spring-boot-actuator-2.3.4.RELEASE.jar:/Users/anchiseong/.m2/repository/com/fasterxml/jackson/core/jackson-databind/2.11.2/jackson-databind-2.11.2.jar:/Users/anchiseong/.m2/repository/com/fasterxml/jackson/core/jackson-core/2.11.2/jackson-core-2.11.2.jar:/Users/anchiseong/.m2/repository/com/fasterxml/jackson/datatype/jackson-datatype-jsr310/2.11.2/jackson-datatype-jsr310-2.11.2.jar:/Users/anchiseong/.m2/repository/io/micrometer/micrometer-core/1.5.5/micrometer-core-1.5.5.jar:/Users/anchiseong/.m2/repository/org/hdrhistogram/HdrHistogram/2.1.12/HdrHistogram-2.1.12.jar:/Users/anchiseong/.m2/repository/org/latencyutils/LatencyUtils/2.0.3/LatencyUtils-2.0.3.jar:/Users/anchiseong/.m2/repository/org/springframework/boot/spring-boot-starter-aop/2.3.4.RELEASE/spring-boot-starter-aop-2.3.4.RELEASE.jar:/Users/anchiseong/.m2/repository/org/springframework/spring-aop/5.2.9.RELEASE/spring-aop-5.2.9.RELEASE.jar:/Users/anchiseong/.m2/repository/org/springframework/spring-beans/5.2.9.RELEASE/spring-beans-5.2.9.RELEASE.jar:/Users/anchiseong/.m2/repository/org/aspectj/aspectjweaver/1.9.6/aspectjweaver-1.9.6.jar:/Users/anchiseong/.m2/repository/org/springframework/boot/spring-boot-starter-data-jdbc/2.3.4.RELEASE/spring-boot-starter-data-jdbc-2.3.4.RELEASE.jar:/Users/anchiseong/.m2/repository/org/springframework/boot/spring-boot-starter-jdbc/2.3.4.RELEASE/spring-boot-starter-jdbc-2.3.4.RELEASE.jar:/Users/anchiseong/.m2/repository/com/zaxxer/HikariCP/3.4.5/HikariCP-3.4.5.jar:/Users/anchiseong/.m2/repository/org/springframework/spring-jdbc/5.2.9.RELEASE/spring-jdbc-5.2.9.RELEASE.jar:/Users/anchiseong/.m2/repository/org/springframework/data/spring-data-jdbc/2.0.4.RELEASE/spring-data-jdbc-2.0.4.RELEASE.jar:/Users/anchiseong/.m2/repository/org/springframework/data/spring-data-relational/2.0.4.RELEASE/spring-data-relational-2.0.4.RELEASE.jar:/Users/anchiseong/.m2/repository/org/springframework/data/spring-data-commons/2.3.4.RELEASE/spring-data-commons-2.3.4.RELEASE.jar:/Users/anchiseong/.m2/repository/org/springframework/spring-tx/5.2.9.RELEASE/spring-tx-5.2.9.RELEASE.jar:/Users/anchiseong/.m2/repository/org/springframework/spring-context/5.2.9.RELEASE/spring-context-5.2.9.RELEASE.jar:/Users/anchiseong/.m2/repository/org/springframework/boot/spring-boot-starter-data-redis/2.3.4.RELEASE/spring-boot-starter-data-redis-2.3.4.RELEASE.jar:/Users/anchiseong/.m2/repository/org/springframework/data/spring-data-redis/2.3.4.RELEASE/spring-data-redis-2.3.4.RELEASE.jar:/Users/anchiseong/.m2/repository/org/springframework/data/spring-data-keyvalue/2.3.4.RELEASE/spring-data-keyvalue-2.3.4.RELEASE.jar:/Users/anchiseong/.m2/repository/org/springframework/spring-oxm/5.2.9.RELEASE/spring-oxm-5.2.9.RELEASE.jar:/Users/anchiseong/.m2/repository/org/springframework/spring-context-support/5.2.9.RELEASE/spring-context-support-5.2.9.RELEASE.jar:/Users/anchiseong/.m2/repository/io/lettuce/lettuce-core/5.3.4.RELEASE/lettuce-core-5.3.4.RELEASE.jar:/Users/anchiseong/.m2/repository/io/netty/netty-common/4.1.52.Final/netty-common-4.1.52.Final.jar:/Users/anchiseong/.m2/repository/io/netty/netty-handler/4.1.52.Final/netty-handler-4.1.52.Final.jar:/Users/anchiseong/.m2/repository/io/netty/netty-resolver/4.1.52.Final/netty-resolver-4.1.52.Final.jar:/Users/anchiseong/.m2/repository/io/netty/netty-buffer/4.1.52.Final/netty-buffer-4.1.52.Final.jar:/Users/anchiseong/.m2/repository/io/netty/netty-codec/4.1.52.Final/netty-codec-4.1.52.Final.jar:/Users/anchiseong/.m2/repository/io/netty/netty-transport/4.1.52.Final/netty-transport-4.1.52.Final.jar:/Users/anchiseong/.m2/repository/io/projectreactor/reactor-core/3.3.10.RELEASE/reactor-core-3.3.10.RELEASE.jar:/Users/anchiseong/.m2/repository/org/reactivestreams/reactive-streams/1.0.3/reactive-streams-1.0.3.jar:/Users/anchiseong/.m2/repository/org/springframework/boot/spring-boot-starter-thymeleaf/2.3.4.RELEASE/spring-boot-starter-thymeleaf-2.3.4.RELEASE.jar:/Users/anchiseong/.m2/repository/org/thymeleaf/thymeleaf-spring5/3.0.11.RELEASE/thymeleaf-spring5-3.0.11.RELEASE.jar:/Users/anchiseong/.m2/repository/org/thymeleaf/thymeleaf/3.0.11.RELEASE/thymeleaf-3.0.11.RELEASE.jar:/Users/anchiseong/.m2/repository/org/attoparser/attoparser/2.0.5.RELEASE/attoparser-2.0.5.RELEASE.jar:/Users/anchiseong/.m2/repository/org/unbescape/unbescape/1.1.6.RELEASE/unbescape-1.1.6.RELEASE.jar:/Users/anchiseong/.m2/repository/org/thymeleaf/extras/thymeleaf-extras-java8time/3.0.4.RELEASE/thymeleaf-extras-java8time-3.0.4.RELEASE.jar:/Users/anchiseong/.m2/repository/org/springframework/boot/spring-boot-starter-web/2.3.4.RELEASE/spring-boot-starter-web-2.3.4.RELEASE.jar:/Users/anchiseong/.m2/repository/org/springframework/boot/spring-boot-starter-json/2.3.4.RELEASE/spring-boot-starter-json-2.3.4.RELEASE.jar:/Users/anchiseong/.m2/repository/com/fasterxml/jackson/datatype/jackson-datatype-jdk8/2.11.2/jackson-datatype-jdk8-2.11.2.jar:/Users/anchiseong/.m2/repository/com/fasterxml/jackson/module/jackson-module-parameter-names/2.11.2/jackson-module-parameter-names-2.11.2.jar:/Users/anchiseong/.m2/repository/org/springframework/boot/spring-boot-starter-tomcat/2.3.4.RELEASE/spring-boot-starter-tomcat-2.3.4.RELEASE.jar:/Users/anchiseong/.m2/repository/org/apache/tomcat/embed/tomcat-embed-core/9.0.38/tomcat-embed-core-9.0.38.jar:/Users/anchiseong/.m2/repository/org/glassfish/jakarta.el/3.0.3/jakarta.el-3.0.3.jar:/Users/anchiseong/.m2/repository/org/apache/tomcat/embed/tomcat-embed-websocket/9.0.38/tomcat-embed-websocket-9.0.38.jar:/Users/anchiseong/.m2/repository/org/springframework/spring-web/5.2.9.RELEASE/spring-web-5.2.9.RELEASE.jar:/Users/anchiseong/.m2/repository/org/springframework/spring-webmvc/5.2.9.RELEASE/spring-webmvc-5.2.9.RELEASE.jar:/Users/anchiseong/.m2/repository/org/springframework/spring-expression/5.2.9.RELEASE/spring-expression-5.2.9.RELEASE.jar:/Users/anchiseong/.m2/repository/org/mybatis/spring/boot/mybatis-spring-boot-starter/2.1.3/mybatis-spring-boot-starter-2.1.3.jar:/Users/anchiseong/.m2/repository/org/mybatis/spring/boot/mybatis-spring-boot-autoconfigure/2.1.3/mybatis-spring-boot-autoconfigure-2.1.3.jar:/Users/anchiseong/.m2/repository/org/mybatis/mybatis/3.5.5/mybatis-3.5.5.jar:/Users/anchiseong/.m2/repository/org/mybatis/mybatis-spring/2.0.5/mybatis-spring-2.0.5.jar:/Users/anchiseong/.m2/repository/org/springframework/boot/spring-boot-devtools/2.3.4.RELEASE/spring-boot-devtools-2.3.4.RELEASE.jar:/Users/anchiseong/.m2/repository/org/springframework/boot/spring-boot/2.3.4.RELEASE/spring-boot-2.3.4.RELEASE.jar:/Users/anchiseong/.m2/repository/org/springframework/boot/spring-boot-autoconfigure/2.3.4.RELEASE/spring-boot-autoconfigure-2.3.4.RELEASE.jar:/Users/anchiseong/.m2/repository/com/h2database/h2/1.4.200/h2-1.4.200.jar:/Users/anchiseong/.m2/repository/mysql/mysql-connector-java/8.0.21/mysql-connector-java-8.0.21.jar:/Users/anchiseong/.m2/repository/org/springframework/boot/spring-boot-configuration-processor/2.3.4.RELEASE/spring-boot-configuration-processor-2.3.4.RELEASE.jar:/Users/anchiseong/.m2/repository/org/projectlombok/lombok/1.18.12/lombok-1.18.12.jar:/Users/anchiseong/.m2/repository/org/springframework/boot/spring-boot-starter-test/2.3.4.RELEASE/spring-boot-starter-test-2.3.4.RELEASE.jar:/Users/anchiseong/.m2/repository/org/springframework/boot/spring-boot-test/2.3.4.RELEASE/spring-boot-test-2.3.4.RELEASE.jar:/Users/anchiseong/.m2/repository/org/springframework/boot/spring-boot-test-autoconfigure/2.3.4.RELEASE/spring-boot-test-autoconfigure-2.3.4.RELEASE.jar:/Users/anchiseong/.m2/repository/com/jayway/jsonpath/json-path/2.4.0/json-path-2.4.0.jar:/Users/anchiseong/.m2/repository/net/minidev/json-smart/2.3/json-smart-2.3.jar:/Users/anchiseong/.m2/repository/net/minidev/accessors-smart/1.2/accessors-smart-1.2.jar:/Users/anchiseong/.m2/repository/org/ow2/asm/asm/5.0.4/asm-5.0.4.jar:/Users/anchiseong/.m2/repository/jakarta/xml/bind/jakarta.xml.bind-api/2.3.3/jakarta.xml.bind-api-2.3.3.jar:/Users/anchiseong/.m2/repository/jakarta/activation/jakarta.activation-api/1.2.2/jakarta.activation-api-1.2.2.jar:/Users/anchiseong/.m2/repository/org/assertj/assertj-core/3.16.1/assertj-core-3.16.1.jar:/Users/anchiseong/.m2/repository/org/hamcrest/hamcrest/2.2/hamcrest-2.2.jar:/Users/anchiseong/.m2/repository/org/junit/jupiter/junit-jupiter/5.6.2/junit-jupiter-5.6.2.jar:/Users/anchiseong/.m2/repository/org/junit/jupiter/junit-jupiter-api/5.6.2/junit-jupiter-api-5.6.2.jar:/Users/anchiseong/.m2/repository/org/apiguardian/apiguardian-api/1.1.0/apiguardian-api-1.1.0.jar:/Users/anchiseong/.m2/repository/org/opentest4j/opentest4j/1.2.0/opentest4j-1.2.0.jar:/Users/anchiseong/.m2/repository/org/junit/platform/junit-platform-commons/1.6.2/junit-platform-commons-1.6.2.jar:/Users/anchiseong/.m2/repository/org/junit/jupiter/junit-jupiter-params/5.6.2/junit-jupiter-params-5.6.2.jar:/Users/anchiseong/.m2/repository/org/junit/jupiter/junit-jupiter-engine/5.6.2/junit-jupiter-engine-5.6.2.jar:/Users/anchiseong/.m2/repository/org/junit/platform/junit-platform-engine/1.6.2/junit-platform-engine-1.6.2.jar:/Users/anchiseong/.m2/repository/org/mockito/mockito-core/3.3.3/mockito-core-3.3.3.jar:/Users/anchiseong/.m2/repository/net/bytebuddy/byte-buddy/1.10.14/byte-buddy-1.10.14.jar:/Users/anchiseong/.m2/repository/net/bytebuddy/byte-buddy-agent/1.10.14/byte-buddy-agent-1.10.14.jar:/Users/anchiseong/.m2/repository/org/objenesis/objenesis/2.6/objenesis-2.6.jar:/Users/anchiseong/.m2/repository/org/mockito/mockito-junit-jupiter/3.3.3/mockito-junit-jupiter-3.3.3.jar:/Users/anchiseong/.m2/repository/org/skyscreamer/jsonassert/1.5.0/jsonassert-1.5.0.jar:/Users/anchiseong/.m2/repository/com/vaadin/external/google/android-json/0.0.20131108.vaadin1/android-json-0.0.20131108.vaadin1.jar:/Users/anchiseong/.m2/repository/org/springframework/spring-core/5.2.9.RELEASE/spring-core-5.2.9.RELEASE.jar:/Users/anchiseong/.m2/repository/org/springframework/spring-jcl/5.2.9.RELEASE/spring-jcl-5.2.9.RELEASE.jar:/Users/anchiseong/.m2/repository/org/springframework/spring-test/5.2.9.RELEASE/spring-test-5.2.9.RELEASE.jar:/Users/anchiseong/.m2/repository/org/xmlunit/xmlunit-core/2.7.0/xmlunit-core-2.7.0.jar:/Users/anchiseong/.m2/repository/org/bgee/log4jdbc-log4j2/log4jdbc-log4j2-jdbc4.1/1.16/log4jdbc-log4j2-jdbc4.1-1.16.jar:/Users/anchiseong/.m2/repository/junit/junit/4.13/junit-4.13.jar:/Users/anchiseong/.m2/repository/org/hamcrest/hamcrest-core/2.2/hamcrest-core-2.2.jar:/Users/anchiseong/.m2/repository/io/springfox/springfox-swagger2/2.9.2/springfox-swagger2-2.9.2.jar:/Users/anchiseong/.m2/repository/io/swagger/swagger-annotations/1.5.20/swagger-annotations-1.5.20.jar:/Users/anchiseong/.m2/repository/io/swagger/swagger-models/1.5.20/swagger-models-1.5.20.jar:/Users/anchiseong/.m2/repository/com/fasterxml/jackson/core/jackson-annotations/2.11.2/jackson-annotations-2.11.2.jar:/Users/anchiseong/.m2/repository/io/springfox/springfox-spi/2.9.2/springfox-spi-2.9.2.jar:/Users/anchiseong/.m2/repository/io/springfox/springfox-core/2.9.2/springfox-core-2.9.2.jar:/Users/anchiseong/.m2/repository/io/springfox/springfox-schema/2.9.2/springfox-schema-2.9.2.jar:/Users/anchiseong/.m2/repository/io/springfox/springfox-swagger-common/2.9.2/springfox-swagger-common-2.9.2.jar:/Users/anchiseong/.m2/repository/io/springfox/springfox-spring-web/2.9.2/springfox-spring-web-2.9.2.jar:/Users/anchiseong/.m2/repository/com/google/guava/guava/20.0/guava-20.0.jar:/Users/anchiseong/.m2/repository/com/fasterxml/classmate/1.5.1/classmate-1.5.1.jar:/Users/anchiseong/.m2/repository/org/slf4j/slf4j-api/1.7.30/slf4j-api-1.7.30.jar:/Users/anchiseong/.m2/repository/org/springframework/plugin/spring-plugin-core/1.2.0.RELEASE/spring-plugin-core-1.2.0.RELEASE.jar:/Users/anchiseong/.m2/repository/org/springframework/plugin/spring-plugin-metadata/1.2.0.RELEASE/spring-plugin-metadata-1.2.0.RELEASE.jar:/Users/anchiseong/.m2/repository/org/mapstruct/mapstruct/1.2.0.Final/mapstruct-1.2.0.Final.jar:/Users/anchiseong/.m2/repository/io/springfox/springfox-swagger-ui/2.9.2/springfox-swagger-ui-2.9.2.jar:/Users/anchiseong/.m2/repository/commons-codec/commons-codec/1.14/commons-codec-1.14.jar:/Users/anchiseong/.m2/repository/com/navercorp/lucy/lucy-xss-servlet/2.0.0/lucy-xss-servlet-2.0.0.jar:/Users/anchiseong/.m2/repository/org/apache/commons/commons-lang3/3.10/commons-lang3-3.10.jar:/Users/anchiseong/.m2/repository/commons-logging/commons-logging/1.1.1/commons-logging-1.1.1.jar:/Users/anchiseong/.m2/repository/com/navercorp/lucy/lucy-xss/1.6.3/lucy-xss-1.6.3.jar:/Users/anchiseong/.m2/repository/org/apache/commons/commons-compress/1.8/commons-compress-1.8.jar:/Users/anchiseong/.m2/repository/org/tukaani/xz/1.5/xz-1.5.jar:/Users/anchiseong/.m2/repository/org/apache/tomcat/tomcat-jdbc/9.0.38/tomcat-jdbc-9.0.38.jar:/Users/anchiseong/.m2/repository/org/apache/tomcat/tomcat-juli/9.0.38/tomcat-juli-9.0.38.jar:/Users/anchiseong/.m2/repository/org/mockito/mockito-all/1.10.19/mockito-all-1.10.19.jar:"/>
    <property name="java.vm.vendor" value="Oracle Corporation"/>
    <property name="sun.arch.data.model" value="64"/>
    <property name="java.vendor.url" value="https://java.oracle.com/"/>
    <property name="os.name" value="Mac OS X"/>
    <property name="java.vm.specification.version" value="12"/>
    <property name="sun.java.launcher" value="SUN_STANDARD"/>
    <property name="user.country" value="KR"/>
    <property name="sun.boot.library.path" value="/Library/Java/JavaVirtualMachines/jdk-12.0.2.jdk/Contents/Home/lib"/>
    <property name="sun.java.command" value="/Volumes/Data/_git/connect/target/surefire/surefirebooter11196857115741686157.jar /Volumes/Data/_git/connect/target/surefire 2020-09-22T15-23-30_091-jvmRun1 surefire3707410063357392294tmp surefire_04634472369259281191tmp"/>
    <property name="http.nonProxyHosts" value="local|*.local|169.254/16|*.169.254/16"/>
    <property name="jdk.debug" value="release"/>
    <property name="surefire.test.class.path" value="/Volumes/Data/_git/connect/target/test-classes:/Volumes/Data/_git/connect/target/classes:/Users/anchiseong/.m2/repository/org/springframework/boot/spring-boot-starter-actuator/2.3.4.RELEASE/spring-boot-starter-actuator-2.3.4.RELEASE.jar:/Users/anchiseong/.m2/repository/org/springframework/boot/spring-boot-starter/2.3.4.RELEASE/spring-boot-starter-2.3.4.RELEASE.jar:/Users/anchiseong/.m2/repository/org/springframework/boot/spring-boot-starter-logging/2.3.4.RELEASE/spring-boot-starter-logging-2.3.4.RELEASE.jar:/Users/anchiseong/.m2/repository/ch/qos/logback/logback-classic/1.2.3/logback-classic-1.2.3.jar:/Users/anchiseong/.m2/repository/ch/qos/logback/logback-core/1.2.3/logback-core-1.2.3.jar:/Users/anchiseong/.m2/repository/org/apache/logging/log4j/log4j-to-slf4j/2.13.3/log4j-to-slf4j-2.13.3.jar:/Users/anchiseong/.m2/repository/org/apache/logging/log4j/log4j-api/2.13.3/log4j-api-2.13.3.jar:/Users/anchiseong/.m2/repository/org/slf4j/jul-to-slf4j/1.7.30/jul-to-slf4j-1.7.30.jar:/Users/anchiseong/.m2/repository/jakarta/annotation/jakarta.annotation-api/1.3.5/jakarta.annotation-api-1.3.5.jar:/Users/anchiseong/.m2/repository/org/yaml/snakeyaml/1.26/snakeyaml-1.26.jar:/Users/anchiseong/.m2/repository/org/springframework/boot/spring-boot-actuator-autoconfigure/2.3.4.RELEASE/spring-boot-actuator-autoconfigure-2.3.4.RELEASE.jar:/Users/anchiseong/.m2/repository/org/springframework/boot/spring-boot-actuator/2.3.4.RELEASE/spring-boot-actuator-2.3.4.RELEASE.jar:/Users/anchiseong/.m2/repository/com/fasterxml/jackson/core/jackson-databind/2.11.2/jackson-databind-2.11.2.jar:/Users/anchiseong/.m2/repository/com/fasterxml/jackson/core/jackson-core/2.11.2/jackson-core-2.11.2.jar:/Users/anchiseong/.m2/repository/com/fasterxml/jackson/datatype/jackson-datatype-jsr310/2.11.2/jackson-datatype-jsr310-2.11.2.jar:/Users/anchiseong/.m2/repository/io/micrometer/micrometer-core/1.5.5/micrometer-core-1.5.5.jar:/Users/anchiseong/.m2/repository/org/hdrhistogram/HdrHistogram/2.1.12/HdrHistogram-2.1.12.jar:/Users/anchiseong/.m2/repository/org/latencyutils/LatencyUtils/2.0.3/LatencyUtils-2.0.3.jar:/Users/anchiseong/.m2/repository/org/springframework/boot/spring-boot-starter-aop/2.3.4.RELEASE/spring-boot-starter-aop-2.3.4.RELEASE.jar:/Users/anchiseong/.m2/repository/org/springframework/spring-aop/5.2.9.RELEASE/spring-aop-5.2.9.RELEASE.jar:/Users/anchiseong/.m2/repository/org/springframework/spring-beans/5.2.9.RELEASE/spring-beans-5.2.9.RELEASE.jar:/Users/anchiseong/.m2/repository/org/aspectj/aspectjweaver/1.9.6/aspectjweaver-1.9.6.jar:/Users/anchiseong/.m2/repository/org/springframework/boot/spring-boot-starter-data-jdbc/2.3.4.RELEASE/spring-boot-starter-data-jdbc-2.3.4.RELEASE.jar:/Users/anchiseong/.m2/repository/org/springframework/boot/spring-boot-starter-jdbc/2.3.4.RELEASE/spring-boot-starter-jdbc-2.3.4.RELEASE.jar:/Users/anchiseong/.m2/repository/com/zaxxer/HikariCP/3.4.5/HikariCP-3.4.5.jar:/Users/anchiseong/.m2/repository/org/springframework/spring-jdbc/5.2.9.RELEASE/spring-jdbc-5.2.9.RELEASE.jar:/Users/anchiseong/.m2/repository/org/springframework/data/spring-data-jdbc/2.0.4.RELEASE/spring-data-jdbc-2.0.4.RELEASE.jar:/Users/anchiseong/.m2/repository/org/springframework/data/spring-data-relational/2.0.4.RELEASE/spring-data-relational-2.0.4.RELEASE.jar:/Users/anchiseong/.m2/repository/org/springframework/data/spring-data-commons/2.3.4.RELEASE/spring-data-commons-2.3.4.RELEASE.jar:/Users/anchiseong/.m2/repository/org/springframework/spring-tx/5.2.9.RELEASE/spring-tx-5.2.9.RELEASE.jar:/Users/anchiseong/.m2/repository/org/springframework/spring-context/5.2.9.RELEASE/spring-context-5.2.9.RELEASE.jar:/Users/anchiseong/.m2/repository/org/springframework/boot/spring-boot-starter-data-redis/2.3.4.RELEASE/spring-boot-starter-data-redis-2.3.4.RELEASE.jar:/Users/anchiseong/.m2/repository/org/springframework/data/spring-data-redis/2.3.4.RELEASE/spring-data-redis-2.3.4.RELEASE.jar:/Users/anchiseong/.m2/repository/org/springframework/data/spring-data-keyvalue/2.3.4.RELEASE/spring-data-keyvalue-2.3.4.RELEASE.jar:/Users/anchiseong/.m2/repository/org/springframework/spring-oxm/5.2.9.RELEASE/spring-oxm-5.2.9.RELEASE.jar:/Users/anchiseong/.m2/repository/org/springframework/spring-context-support/5.2.9.RELEASE/spring-context-support-5.2.9.RELEASE.jar:/Users/anchiseong/.m2/repository/io/lettuce/lettuce-core/5.3.4.RELEASE/lettuce-core-5.3.4.RELEASE.jar:/Users/anchiseong/.m2/repository/io/netty/netty-common/4.1.52.Final/netty-common-4.1.52.Final.jar:/Users/anchiseong/.m2/repository/io/netty/netty-handler/4.1.52.Final/netty-handler-4.1.52.Final.jar:/Users/anchiseong/.m2/repository/io/netty/netty-resolver/4.1.52.Final/netty-resolver-4.1.52.Final.jar:/Users/anchiseong/.m2/repository/io/netty/netty-buffer/4.1.52.Final/netty-buffer-4.1.52.Final.jar:/Users/anchiseong/.m2/repository/io/netty/netty-codec/4.1.52.Final/netty-codec-4.1.52.Final.jar:/Users/anchiseong/.m2/repository/io/netty/netty-transport/4.1.52.Final/netty-transport-4.1.52.Final.jar:/Users/anchiseong/.m2/repository/io/projectreactor/reactor-core/3.3.10.RELEASE/reactor-core-3.3.10.RELEASE.jar:/Users/anchiseong/.m2/repository/org/reactivestreams/reactive-streams/1.0.3/reactive-streams-1.0.3.jar:/Users/anchiseong/.m2/repository/org/springframework/boot/spring-boot-starter-thymeleaf/2.3.4.RELEASE/spring-boot-starter-thymeleaf-2.3.4.RELEASE.jar:/Users/anchiseong/.m2/repository/org/thymeleaf/thymeleaf-spring5/3.0.11.RELEASE/thymeleaf-spring5-3.0.11.RELEASE.jar:/Users/anchiseong/.m2/repository/org/thymeleaf/thymeleaf/3.0.11.RELEASE/thymeleaf-3.0.11.RELEASE.jar:/Users/anchiseong/.m2/repository/org/attoparser/attoparser/2.0.5.RELEASE/attoparser-2.0.5.RELEASE.jar:/Users/anchiseong/.m2/repository/org/unbescape/unbescape/1.1.6.RELEASE/unbescape-1.1.6.RELEASE.jar:/Users/anchiseong/.m2/repository/org/thymeleaf/extras/thymeleaf-extras-java8time/3.0.4.RELEASE/thymeleaf-extras-java8time-3.0.4.RELEASE.jar:/Users/anchiseong/.m2/repository/org/springframework/boot/spring-boot-starter-web/2.3.4.RELEASE/spring-boot-starter-web-2.3.4.RELEASE.jar:/Users/anchiseong/.m2/repository/org/springframework/boot/spring-boot-starter-json/2.3.4.RELEASE/spring-boot-starter-json-2.3.4.RELEASE.jar:/Users/anchiseong/.m2/repository/com/fasterxml/jackson/datatype/jackson-datatype-jdk8/2.11.2/jackson-datatype-jdk8-2.11.2.jar:/Users/anchiseong/.m2/repository/com/fasterxml/jackson/module/jackson-module-parameter-names/2.11.2/jackson-module-parameter-names-2.11.2.jar:/Users/anchiseong/.m2/repository/org/springframework/boot/spring-boot-starter-tomcat/2.3.4.RELEASE/spring-boot-starter-tomcat-2.3.4.RELEASE.jar:/Users/anchiseong/.m2/repository/org/apache/tomcat/embed/tomcat-embed-core/9.0.38/tomcat-embed-core-9.0.38.jar:/Users/anchiseong/.m2/repository/org/glassfish/jakarta.el/3.0.3/jakarta.el-3.0.3.jar:/Users/anchiseong/.m2/repository/org/apache/tomcat/embed/tomcat-embed-websocket/9.0.38/tomcat-embed-websocket-9.0.38.jar:/Users/anchiseong/.m2/repository/org/springframework/spring-web/5.2.9.RELEASE/spring-web-5.2.9.RELEASE.jar:/Users/anchiseong/.m2/repository/org/springframework/spring-webmvc/5.2.9.RELEASE/spring-webmvc-5.2.9.RELEASE.jar:/Users/anchiseong/.m2/repository/org/springframework/spring-expression/5.2.9.RELEASE/spring-expression-5.2.9.RELEASE.jar:/Users/anchiseong/.m2/repository/org/mybatis/spring/boot/mybatis-spring-boot-starter/2.1.3/mybatis-spring-boot-starter-2.1.3.jar:/Users/anchiseong/.m2/repository/org/mybatis/spring/boot/mybatis-spring-boot-autoconfigure/2.1.3/mybatis-spring-boot-autoconfigure-2.1.3.jar:/Users/anchiseong/.m2/repository/org/mybatis/mybatis/3.5.5/mybatis-3.5.5.jar:/Users/anchiseong/.m2/repository/org/mybatis/mybatis-spring/2.0.5/mybatis-spring-2.0.5.jar:/Users/anchiseong/.m2/repository/org/springframework/boot/spring-boot-devtools/2.3.4.RELEASE/spring-boot-devtools-2.3.4.RELEASE.jar:/Users/anchiseong/.m2/repository/org/springframework/boot/spring-boot/2.3.4.RELEASE/spring-boot-2.3.4.RELEASE.jar:/Users/anchiseong/.m2/repository/org/springframework/boot/spring-boot-autoconfigure/2.3.4.RELEASE/spring-boot-autoconfigure-2.3.4.RELEASE.jar:/Users/anchiseong/.m2/repository/com/h2database/h2/1.4.200/h2-1.4.200.jar:/Users/anchiseong/.m2/repository/mysql/mysql-connector-java/8.0.21/mysql-connector-java-8.0.21.jar:/Users/anchiseong/.m2/repository/org/springframework/boot/spring-boot-configuration-processor/2.3.4.RELEASE/spring-boot-configuration-processor-2.3.4.RELEASE.jar:/Users/anchiseong/.m2/repository/org/projectlombok/lombok/1.18.12/lombok-1.18.12.jar:/Users/anchiseong/.m2/repository/org/springframework/boot/spring-boot-starter-test/2.3.4.RELEASE/spring-boot-starter-test-2.3.4.RELEASE.jar:/Users/anchiseong/.m2/repository/org/springframework/boot/spring-boot-test/2.3.4.RELEASE/spring-boot-test-2.3.4.RELEASE.jar:/Users/anchiseong/.m2/repository/org/springframework/boot/spring-boot-test-autoconfigure/2.3.4.RELEASE/spring-boot-test-autoconfigure-2.3.4.RELEASE.jar:/Users/anchiseong/.m2/repository/com/jayway/jsonpath/json-path/2.4.0/json-path-2.4.0.jar:/Users/anchiseong/.m2/repository/net/minidev/json-smart/2.3/json-smart-2.3.jar:/Users/anchiseong/.m2/repository/net/minidev/accessors-smart/1.2/accessors-smart-1.2.jar:/Users/anchiseong/.m2/repository/org/ow2/asm/asm/5.0.4/asm-5.0.4.jar:/Users/anchiseong/.m2/repository/jakarta/xml/bind/jakarta.xml.bind-api/2.3.3/jakarta.xml.bind-api-2.3.3.jar:/Users/anchiseong/.m2/repository/jakarta/activation/jakarta.activation-api/1.2.2/jakarta.activation-api-1.2.2.jar:/Users/anchiseong/.m2/repository/org/assertj/assertj-core/3.16.1/assertj-core-3.16.1.jar:/Users/anchiseong/.m2/repository/org/hamcrest/hamcrest/2.2/hamcrest-2.2.jar:/Users/anchiseong/.m2/repository/org/junit/jupiter/junit-jupiter/5.6.2/junit-jupiter-5.6.2.jar:/Users/anchiseong/.m2/repository/org/junit/jupiter/junit-jupiter-api/5.6.2/junit-jupiter-api-5.6.2.jar:/Users/anchiseong/.m2/repository/org/apiguardian/apiguardian-api/1.1.0/apiguardian-api-1.1.0.jar:/Users/anchiseong/.m2/repository/org/opentest4j/opentest4j/1.2.0/opentest4j-1.2.0.jar:/Users/anchiseong/.m2/repository/org/junit/platform/junit-platform-commons/1.6.2/junit-platform-commons-1.6.2.jar:/Users/anchiseong/.m2/repository/org/junit/jupiter/junit-jupiter-params/5.6.2/junit-jupiter-params-5.6.2.jar:/Users/anchiseong/.m2/repository/org/junit/jupiter/junit-jupiter-engine/5.6.2/junit-jupiter-engine-5.6.2.jar:/Users/anchiseong/.m2/repository/org/junit/platform/junit-platform-engine/1.6.2/junit-platform-engine-1.6.2.jar:/Users/anchiseong/.m2/repository/org/mockito/mockito-core/3.3.3/mockito-core-3.3.3.jar:/Users/anchiseong/.m2/repository/net/bytebuddy/byte-buddy/1.10.14/byte-buddy-1.10.14.jar:/Users/anchiseong/.m2/repository/net/bytebuddy/byte-buddy-agent/1.10.14/byte-buddy-agent-1.10.14.jar:/Users/anchiseong/.m2/repository/org/objenesis/objenesis/2.6/objenesis-2.6.jar:/Users/anchiseong/.m2/repository/org/mockito/mockito-junit-jupiter/3.3.3/mockito-junit-jupiter-3.3.3.jar:/Users/anchiseong/.m2/repository/org/skyscreamer/jsonassert/1.5.0/jsonassert-1.5.0.jar:/Users/anchiseong/.m2/repository/com/vaadin/external/google/android-json/0.0.20131108.vaadin1/android-json-0.0.20131108.vaadin1.jar:/Users/anchiseong/.m2/repository/org/springframework/spring-core/5.2.9.RELEASE/spring-core-5.2.9.RELEASE.jar:/Users/anchiseong/.m2/repository/org/springframework/spring-jcl/5.2.9.RELEASE/spring-jcl-5.2.9.RELEASE.jar:/Users/anchiseong/.m2/repository/org/springframework/spring-test/5.2.9.RELEASE/spring-test-5.2.9.RELEASE.jar:/Users/anchiseong/.m2/repository/org/xmlunit/xmlunit-core/2.7.0/xmlunit-core-2.7.0.jar:/Users/anchiseong/.m2/repository/org/bgee/log4jdbc-log4j2/log4jdbc-log4j2-jdbc4.1/1.16/log4jdbc-log4j2-jdbc4.1-1.16.jar:/Users/anchiseong/.m2/repository/junit/junit/4.13/junit-4.13.jar:/Users/anchiseong/.m2/repository/org/hamcrest/hamcrest-core/2.2/hamcrest-core-2.2.jar:/Users/anchiseong/.m2/repository/io/springfox/springfox-swagger2/2.9.2/springfox-swagger2-2.9.2.jar:/Users/anchiseong/.m2/repository/io/swagger/swagger-annotations/1.5.20/swagger-annotations-1.5.20.jar:/Users/anchiseong/.m2/repository/io/swagger/swagger-models/1.5.20/swagger-models-1.5.20.jar:/Users/anchiseong/.m2/repository/com/fasterxml/jackson/core/jackson-annotations/2.11.2/jackson-annotations-2.11.2.jar:/Users/anchiseong/.m2/repository/io/springfox/springfox-spi/2.9.2/springfox-spi-2.9.2.jar:/Users/anchiseong/.m2/repository/io/springfox/springfox-core/2.9.2/springfox-core-2.9.2.jar:/Users/anchiseong/.m2/repository/io/springfox/springfox-schema/2.9.2/springfox-schema-2.9.2.jar:/Users/anchiseong/.m2/repository/io/springfox/springfox-swagger-common/2.9.2/springfox-swagger-common-2.9.2.jar:/Users/anchiseong/.m2/repository/io/springfox/springfox-spring-web/2.9.2/springfox-spring-web-2.9.2.jar:/Users/anchiseong/.m2/repository/com/google/guava/guava/20.0/guava-20.0.jar:/Users/anchiseong/.m2/repository/com/fasterxml/classmate/1.5.1/classmate-1.5.1.jar:/Users/anchiseong/.m2/repository/org/slf4j/slf4j-api/1.7.30/slf4j-api-1.7.30.jar:/Users/anchiseong/.m2/repository/org/springframework/plugin/spring-plugin-core/1.2.0.RELEASE/spring-plugin-core-1.2.0.RELEASE.jar:/Users/anchiseong/.m2/repository/org/springframework/plugin/spring-plugin-metadata/1.2.0.RELEASE/spring-plugin-metadata-1.2.0.RELEASE.jar:/Users/anchiseong/.m2/repository/org/mapstruct/mapstruct/1.2.0.Final/mapstruct-1.2.0.Final.jar:/Users/anchiseong/.m2/repository/io/springfox/springfox-swagger-ui/2.9.2/springfox-swagger-ui-2.9.2.jar:/Users/anchiseong/.m2/repository/commons-codec/commons-codec/1.14/commons-codec-1.14.jar:/Users/anchiseong/.m2/repository/com/navercorp/lucy/lucy-xss-servlet/2.0.0/lucy-xss-servlet-2.0.0.jar:/Users/anchiseong/.m2/repository/org/apache/commons/commons-lang3/3.10/commons-lang3-3.10.jar:/Users/anchiseong/.m2/repository/commons-logging/commons-logging/1.1.1/commons-logging-1.1.1.jar:/Users/anchiseong/.m2/repository/com/navercorp/lucy/lucy-xss/1.6.3/lucy-xss-1.6.3.jar:/Users/anchiseong/.m2/repository/org/apache/commons/commons-compress/1.8/commons-compress-1.8.jar:/Users/anchiseong/.m2/repository/org/tukaani/xz/1.5/xz-1.5.jar:/Users/anchiseong/.m2/repository/org/apache/tomcat/tomcat-jdbc/9.0.38/tomcat-jdbc-9.0.38.jar:/Users/anchiseong/.m2/repository/org/apache/tomcat/tomcat-juli/9.0.38/tomcat-juli-9.0.38.jar:/Users/anchiseong/.m2/repository/org/mockito/mockito-all/1.10.19/mockito-all-1.10.19.jar:"/>
    <property name="sun.cpu.endian" value="little"/>
    <property name="user.home" value="/Users/anchiseong"/>
    <property name="user.language" value="ko"/>
    <property name="java.specification.vendor" value="Oracle Corporation"/>
    <property name="java.version.date" value="2019-07-16"/>
    <property name="java.home" value="/Library/Java/JavaVirtualMachines/jdk-12.0.2.jdk/Contents/Home"/>
    <property name="file.separator" value="/"/>
    <property name="basedir" value="/Volumes/Data/_git/connect"/>
    <property name="java.vm.compressedOopsMode" value="Zero based"/>
    <property name="line.separator" value="&#10;"/>
    <property name="java.specification.name" value="Java Platform API Specification"/>
    <property name="java.vm.specification.vendor" value="Oracle Corporation"/>
    <property name="java.awt.graphicsenv" value="sun.awt.CGraphicsEnvironment"/>
    <property name="surefire.real.class.path" value="/Volumes/Data/_git/connect/target/surefire/surefirebooter11196857115741686157.jar"/>
    <property name="sun.management.compiler" value="HotSpot 64-Bit Tiered Compilers"/>
    <property name="ftp.nonProxyHosts" value="local|*.local|169.254/16|*.169.254/16"/>
    <property name="java.runtime.version" value="12.0.2+10"/>
    <property name="user.name" value="anchiseong"/>
    <property name="path.separator" value=":"/>
    <property name="os.version" value="10.15.6"/>
    <property name="java.runtime.name" value="OpenJDK Runtime Environment"/>
    <property name="file.encoding" value="UTF-8"/>
    <property name="java.vm.name" value="OpenJDK 64-Bit Server VM"/>
    <property name="localRepository" value="/Users/anchiseong/.m2/repository"/>
    <property name="java.vendor.url.bug" value="https://bugreport.java.com/bugreport/"/>
    <property name="java.io.tmpdir" value="/var/folders/lz/8f522wbn6x3dy7wfxg9ysdg00000gn/T/"/>
    <property name="java.version" value="12.0.2"/>
    <property name="user.dir" value="/Volumes/Data/_git/connect"/>
    <property name="os.arch" value="x86_64"/>
    <property name="java.vm.specification.name" value="Java Virtual Machine Specification"/>
    <property name="java.library.path" value="/Users/anchiseong/Library/Java/Extensions:/Library/Java/Extensions:/Network/Library/Java/Extensions:/System/Library/Java/Extensions:/usr/lib/java:."/>
    <property name="java.vm.info" value="mixed mode, sharing"/>
    <property name="java.vendor" value="Oracle Corporation"/>
    <property name="java.vm.version" value="12.0.2+10"/>
    <property name="sun.io.unicode.encoding" value="UnicodeBig"/>
    <property name="socksNonProxyHosts" value="local|*.local|169.254/16|*.169.254/16"/>
    <property name="java.class.version" value="56.0"/>
  </properties>
  <testcase name="contextLoads" classname="com.scglab.connect.ConnectApplicationTests" time="0.332"/>
</testsuite>